Build started 8/22/2011 12:01:23 PM.
     1>Project "C:\Users\Mark\CoW Server\CoW Server.vcxproj" on node 2 (build target(s)).
     1>InitializeBuildStatus:
         Touching "Release\CoW Server.unsuccessfulbuild".
       ClCompile:
         C:\Program Files (x86)\Microsoft Visual Studio 10.0\VC\bin\CL.exe /c /Zi /nologo /W3 /WX- /O2 /Oy- /D WIN32 /D NDEBUG /D _CONSOLE /Gm- /EHsc /MD /GS /fp:precise /Zc:wchar_t /Zc:forScope /Fo"Release\\" /Fd"Release\vc100.pdb" /Gd /TC /analyze- /errorReport:prompt src\client\snd_codec_ogg.c src\client\snd_codec_wav.c src\client\snd_dma.c src\client\snd_main.c src\client\snd_mem.c src\client\snd_mix.c src\client\snd_openal.c src\client\snd_wavelet.c src\game\bg_lib.c src\game\bg_misc.c src\game\bg_pmove.c src\game\bg_slidemove.c src\game\g_active.c src\game\g_admin.c src\game\g_alienbot.c src\game\g_bot.c src\game\g_buildable.c src\game\g_client.c src\game\g_cmds.c src\game\g_combat.c src\game\g_humanbot.c src\game\g_main.c src\game\g_maprotation.c src\game\g_mem.c src\game\g_misc.c src\game\g_missile.c src\game\g_mover.c src\game\g_physics.c src\game\g_ptr.c src\game\g_session.c src\game\g_spawn.c src\game\g_svcmds.c src\game\g_syscalls.c src\game\g_target.c src\game\g_team.c src\game\g_trigger.c src\game\g_utils.c src\game\g_weapon.c "src\jpeg-6\jcapimin.c" "src\jpeg-6\jcapistd.c" "src\jpeg-6\jccoefct.c" "src\jpeg-6\jccolor.c" "src\jpeg-6\jcdctmgr.c" "src\jpeg-6\jchuff.c" "src\jpeg-6\jcinit.c" "src\jpeg-6\jcmainct.c" "src\jpeg-6\jcmarker.c" "src\jpeg-6\jcmaster.c" "src\jpeg-6\jcomapi.c" "src\jpeg-6\jcparam.c" "src\jpeg-6\jcphuff.c" "src\jpeg-6\jcprepct.c" "src\jpeg-6\jcsample.c" "src\jpeg-6\jctrans.c" "src\jpeg-6\jdapimin.c" "src\jpeg-6\jdapistd.c" "src\jpeg-6\jdatadst.c" "src\jpeg-6\jdatasrc.c" "src\jpeg-6\jdcoefct.c" "src\jpeg-6\jdcolor.c" "src\jpeg-6\jddctmgr.c" "src\jpeg-6\jdhuff.c" "src\jpeg-6\jdinput.c" "src\jpeg-6\jdmainct.c" "src\jpeg-6\jdmarker.c" "src\jpeg-6\jdmaster.c" "src\jpeg-6\jdmerge.c" "src\jpeg-6\jdphuff.c" "src\jpeg-6\jdpostct.c" "src\jpeg-6\jdsample.c" "src\jpeg-6\jdtrans.c" "src\jpeg-6\jerror.c" "src\jpeg-6\jfdctflt.c" "src\jpeg-6\jfdctfst.c" "src\jpeg-6\jfdctint.c" "src\jpeg-6\jidctflt.c" "src\jpeg-6\jidctfst.c" "src\jpeg-6\jidctint.c" "src\jpeg-6\jidctred.c" "src\jpeg-6\jload.c" "src\jpeg-6\jmemansi.c" "src\jpeg-6\jmemdos.c" "src\jpeg-6\jmemmgr.c" "src\jpeg-6\jmemname.c" "src\jpeg-6\jmemnobs.c" "src\jpeg-6\jpegtran.c" "src\jpeg-6\jquant1.c" "src\jpeg-6\jquant2.c" "src\jpeg-6\jutils.c" src\master\master.c src\master\messages.c src\master\servers.c src\master\stats.c src\null\mac_net.c src\null\null_client.c src\null\null_glimp.c src\null\null_input.c src\null\null_main.c src\null\null_net.c src\null\null_snddma.c src\qcommon\cmd.c src\qcommon\cm_load.c src\qcommon\cm_patch.c src\qcommon\cm_polylib.c src\qcommon\cm_test.c src\qcommon\cm_trace.c src\qcommon\common.c src\qcommon\cvar.c src\qcommon\files.c src\qcommon\huffman.c src\qcommon\md4.c src\qcommon\md5.c src\qcommon\msg.c src\qcommon\net_chan.c src\qcommon\parse.c src\qcommon\q_math.c src\qcommon\q_shared.c src\qcommon\unzip.c src\qcommon\vm.c src\qcommon\vm_interpreted.c src\qcommon\vm_none.c src\qcommon\vm_ppc.c src\qcommon\vm_x86.c src\qcommon\vm_x86_64.c src\renderer\tr_animation.c src\renderer\tr_backend.c src\renderer\tr_bsp.c src\renderer\tr_cmds.c src\renderer\tr_curve.c src\renderer\tr_flares.c src\renderer\tr_font.c src\renderer\tr_image.c src\renderer\tr_init.c src\renderer\tr_light.c src\renderer\tr_main.c src\renderer\tr_marks.c src\renderer\tr_mesh.c src\renderer\tr_model.c src\renderer\tr_noise.c src\renderer\tr_scene.c src\renderer\tr_shade.c src\renderer\tr_shader.c src\renderer\tr_shade_calc.c src\renderer\tr_shadows.c src\renderer\tr_sky.c src\renderer\tr_surface.c src\renderer\tr_world.c src\server\sv_ccmds.c src\server\sv_client.c src\server\sv_game.c src\server\sv_init.c src\server\sv_main.c src\server\sv_net_chan.c src\server\sv_rankings.c src\server\sv_snapshot.c src\server\sv_world.c src\tools\asm\cmdlib.c src\tools\asm\q3asm.c "src\tools\lcc\build-linux-x86\rcc\dagcheck.c" src\tools\lcc\cpp\cpp.c src\tools\lcc\cpp\eval.c src\tools\lcc\cpp\getopt.c src\tools\lcc\cpp\hideset.c src\tools\lcc\cpp\include.c src\tools\lcc\cpp\lex.c src\tools\lcc\cpp\macro.c src\tools\lcc\cpp\nlist.c src\tools\lcc\cpp\tokens.c src\tools\lcc\cpp\unix.c src\tools\lcc\etc\bytecode.c src\tools\lcc\etc\lcc.c src\tools\lcc\lburg\gram.c src\tools\lcc\lburg\lburg.c src\tools\lcc\src\alloc.c src\tools\lcc\src\bind.c src\tools\lcc\src\bytecode.c src\tools\lcc\src\dag.c src\tools\lcc\src\decl.c src\tools\lcc\src\enode.c src\tools\lcc\src\error.c src\tools\lcc\src\event.c src\tools\lcc\src\expr.c src\tools\lcc\src\gen.c src\tools\lcc\src\init.c src\tools\lcc\src\inits.c src\tools\lcc\src\input.c src\tools\lcc\src\lex.c src\tools\lcc\src\list.c src\tools\lcc\src\main.c src\tools\lcc\src\null.c src\tools\lcc\src\output.c src\tools\lcc\src\prof.c src\tools\lcc\src\profio.c src\tools\lcc\src\simp.c src\tools\lcc\src\stmt.c src\tools\lcc\src\string.c src\tools\lcc\src\sym.c src\tools\lcc\src\symbolic.c src\tools\lcc\src\trace.c src\tools\lcc\src\tree.c src\tools\lcc\src\types.c src\ui\ui_atoms.c src\ui\ui_gameinfo.c src\ui\ui_main.c src\ui\ui_players.c src\ui\ui_shared.c src\ui\ui_syscalls.c src\unix\linux_glimp.c src\unix\linux_joystick.c src\unix\linux_qgl.c src\unix\linux_signals.c src\unix\linux_snd.c src\unix\sdl_glimp.c src\unix\sdl_snd.c src\unix\unix_main.c src\unix\unix_net.c src\unix\unix_shared.c src\win32\win_gamma.c src\win32\win_glimp.c src\win32\win_input.c src\win32\win_main.c src\win32\win_net.c src\win32\win_qgl.c src\win32\win_shared.c src\win32\win_snd.c src\win32\win_syscon.c src\win32\win_wndproc.c
         snd_codec_ogg.c
         snd_codec_wav.c
         snd_dma.c
     1>src\client\snd_dma.c(136): warning C4996: 'strcpy': This function or variable may be unsafe. Consider using strcpy_s instead. To disable deprecation, use _CRT_SECURE_NO_WARNINGS. See online help for details.
     1>src\client\snd_dma.c(137): warning C4996: 'strcpy': This function or variable may be unsafe. Consider using strcpy_s instead. To disable deprecation, use _CRT_SECURE_NO_WARNINGS. See online help for details.
     1>src\client\snd_dma.c(138): warning C4996: 'strcpy': This function or variable may be unsafe. Consider using strcpy_s instead. To disable deprecation, use _CRT_SECURE_NO_WARNINGS. See online help for details.
     1>src\client\snd_dma.c(139): warning C4996: 'strcpy': This function or variable may be unsafe. Consider using strcpy_s instead. To disable deprecation, use _CRT_SECURE_NO_WARNINGS. See online help for details.
     1>src\client\snd_dma.c(140): warning C4996: 'strcpy': This function or variable may be unsafe. Consider using strcpy_s instead. To disable deprecation, use _CRT_SECURE_NO_WARNINGS. See online help for details.
     1>src\client\snd_dma.c(141): warning C4996: 'strcpy': This function or variable may be unsafe. Consider using strcpy_s instead. To disable deprecation, use _CRT_SECURE_NO_WARNINGS. See online help for details.
     1>src\client\snd_dma.c(269): warning C4996: 'strcpy': This function or variable may be unsafe. Consider using strcpy_s instead. To disable deprecation, use _CRT_SECURE_NO_WARNINGS. See online help for details.
         snd_main.c
         snd_mem.c
         snd_mix.c
         snd_openal.c
         snd_wavelet.c
         bg_lib.c
     1>c:\users\mark\cow server\src\game\bg_lib.h(39): warning C4005: 'va_start' : macro redefinition
                 C:\Program Files (x86)\Microsoft Visual Studio 10.0\VC\include\stdarg.h(27) : see previous definition of 'va_start'
     1>c:\users\mark\cow server\src\game\bg_lib.h(40): warning C4005: 'va_arg' : macro redefinition
                 C:\Program Files (x86)\Microsoft Visual Studio 10.0\VC\include\stdarg.h(28) : see previous definition of 'va_arg'
     1>c:\users\mark\cow server\src\game\bg_lib.h(41): warning C4005: 'va_end' : macro redefinition
                 C:\Program Files (x86)\Microsoft Visual Studio 10.0\VC\include\stdarg.h(29) : see previous definition of 'va_end'
     1>c:\users\mark\cow server\src\game\bg_lib.h(60): warning C4005: 'isascii' : macro redefinition
                 C:\Program Files (x86)\Microsoft Visual Studio 10.0\VC\include\ctype.h(370) : see previous definition of 'isascii'
     1>c:\users\mark\cow server\src\game\bg_lib.h(76): warning C4273: 'qsort' : inconsistent dll linkage
                 C:\Program Files (x86)\Microsoft Visual Studio 10.0\VC\include\stdlib.h(425) : see previous definition of 'qsort'
     1>c:\users\mark\cow server\src\game\bg_lib.h(77): warning C4273: 'srand' : inconsistent dll linkage
                 C:\Program Files (x86)\Microsoft Visual Studio 10.0\VC\include\stdlib.h(511) : see previous definition of 'srand'
     1>c:\users\mark\cow server\src\game\bg_lib.h(78): warning C4273: 'rand' : inconsistent dll linkage
                 C:\Program Files (x86)\Microsoft Visual Studio 10.0\VC\include\stdlib.h(504) : see previous definition of 'rand'
     1>c:\users\mark\cow server\src\game\bg_lib.h(85): warning C4273: 'strchr' : inconsistent dll linkage
                 C:\Program Files (x86)\Microsoft Visual Studio 10.0\VC\include\string.h(141) : see previous definition of 'strchr'
     1>c:\users\mark\cow server\src\game\bg_lib.h(86): warning C4273: 'strrchr' : inconsistent dll linkage
                 C:\Program Files (x86)\Microsoft Visual Studio 10.0\VC\include\string.h(193) : see previous definition of 'strrchr'
     1>c:\users\mark\cow server\src\game\bg_lib.h(87): warning C4273: 'strstr' : inconsistent dll linkage
                 C:\Program Files (x86)\Microsoft Visual Studio 10.0\VC\include\string.h(196) : see previous definition of 'strstr'
     1>c:\users\mark\cow server\src\game\bg_lib.h(88): warning C4273: 'strncpy' : inconsistent dll linkage
                 C:\Program Files (x86)\Microsoft Visual Studio 10.0\VC\include\string.h(188) : see previous definition of 'strncpy'
     1>c:\users\mark\cow server\src\game\bg_lib.h(89): warning C4273: 'tolower' : inconsistent dll linkage
                 C:\Program Files (x86)\Microsoft Visual Studio 10.0\VC\include\ctype.h(117) : see previous definition of 'tolower'
     1>c:\users\mark\cow server\src\game\bg_lib.h(90): warning C4273: 'toupper' : inconsistent dll linkage
                 C:\Program Files (x86)\Microsoft Visual Studio 10.0\VC\include\ctype.h(116) : see previous definition of 'toupper'
     1>c:\users\mark\cow server\src\game\bg_lib.h(92): warning C4273: 'atof' : inconsistent dll linkage
                 C:\Program Files (x86)\Microsoft Visual Studio 10.0\VC\include\math.h(130) : see previous definition of 'atof'
     1>c:\users\mark\cow server\src\game\bg_lib.h(94): warning C4273: 'atoi' : inconsistent dll linkage
                 C:\Program Files (x86)\Microsoft Visual Studio 10.0\VC\include\stdlib.h(405) : see previous definition of 'atoi'
     1>c:\users\mark\cow server\src\game\bg_lib.h(98): warning C4273: 'vsprintf' : inconsistent dll linkage
                 C:\Program Files (x86)\Microsoft Visual Studio 10.0\VC\include\stdio.h(371) : see previous definition of 'vsprintf'
     1>c:\users\mark\cow server\src\game\bg_lib.h(99): warning C4273: 'sscanf' : inconsistent dll linkage
                 C:\Program Files (x86)\Microsoft Visual Studio 10.0\VC\include\stdio.h(325) : see previous definition of 'sscanf'
     1>c:\users\mark\cow server\src\game\bg_lib.h(102): warning C4273: 'memmove' : inconsistent dll linkage
                 C:\Program Files (x86)\Microsoft Visual Studio 10.0\VC\include\string.h(127) : see previous definition of 'memmove'
     1>c:\users\mark\cow server\src\game\bg_lib.h(107): warning C4273: 'ceil' : inconsistent dll linkage
                 C:\Program Files (x86)\Microsoft Visual Studio 10.0\VC\include\math.h(135) : see previous definition of 'ceil'
     1>c:\users\mark\cow server\src\game\bg_lib.h(108): warning C4273: 'floor' : inconsistent dll linkage
     1>C:\Program Files (x86)\MSBuild\Microsoft.Cpp\v4.0\Platforms\Win32\Microsoft.Cpp.Win32.Targets(147,5): error MSB6006: "CL.exe" exited with code 1.
     1>Done Building Project "C:\Users\Mark\CoW Server\CoW Server.vcxproj" (build target(s)) -- FAILED.

Build FAILED.

Time Elapsed 00:00:13.04
